========================================================================================================================
Model: resnet
Dataset: cifar10
Learning Rate: 0.01
No.of Epochs: 50
Weight Decay: 0.0001
DropOut
========================================================================================================================
==> Preparing data..
Files already downloaded and verified
Files already downloaded and verified
========================================================================================================================
==> Building model..

Epoch: 0
Train:- Loss: 0.935 | Acc: 32.704% (16352/50000)
Test:-  Loss: 1.717 | Acc: 37.440% (3744/10000)
Saving..

Epoch: 1
Train:- Loss: 0.684 | Acc: 50.356% (25178/50000)
Test:-  Loss: 1.355 | Acc: 50.210% (5021/10000)
Saving..

Epoch: 2
Train:- Loss: 0.561 | Acc: 59.996% (29998/50000)
Test:-  Loss: 1.306 | Acc: 54.400% (5440/10000)
Saving..

Epoch: 3
Train:- Loss: 0.505 | Acc: 64.396% (32198/50000)
Test:-  Loss: 1.161 | Acc: 60.180% (6018/10000)
Saving..

Epoch: 4
Train:- Loss: 0.461 | Acc: 68.020% (34010/50000)
Test:-  Loss: 1.243 | Acc: 57.840% (5784/10000)

Epoch: 5
Train:- Loss: 0.418 | Acc: 70.944% (35472/50000)
Test:-  Loss: 0.907 | Acc: 68.550% (6855/10000)
Saving..

Epoch: 6
Train:- Loss: 0.386 | Acc: 73.346% (36673/50000)
Test:-  Loss: 0.885 | Acc: 69.840% (6984/10000)
Saving..

Epoch: 7
Train:- Loss: 0.367 | Acc: 74.646% (37323/50000)
Test:-  Loss: 1.170 | Acc: 62.570% (6257/10000)

Epoch: 8
Train:- Loss: 0.354 | Acc: 76.048% (38024/50000)
Test:-  Loss: 0.938 | Acc: 68.220% (6822/10000)

Epoch: 9
Train:- Loss: 0.345 | Acc: 76.566% (38283/50000)
Test:-  Loss: 0.862 | Acc: 70.780% (7078/10000)
Saving..

Epoch: 10
Train:- Loss: 0.335 | Acc: 77.402% (38701/50000)
Test:-  Loss: 0.933 | Acc: 70.280% (7028/10000)

Epoch: 11
Train:- Loss: 0.328 | Acc: 77.610% (38805/50000)
Test:-  Loss: 0.750 | Acc: 74.940% (7494/10000)
Saving..

Epoch: 12
Train:- Loss: 0.319 | Acc: 78.450% (39225/50000)
Test:-  Loss: 1.077 | Acc: 65.240% (6524/10000)

Epoch: 13
Train:- Loss: 0.310 | Acc: 78.858% (39429/50000)
Test:-  Loss: 1.051 | Acc: 67.390% (6739/10000)

Epoch: 14
Train:- Loss: 0.310 | Acc: 78.922% (39461/50000)
Test:-  Loss: 1.050 | Acc: 65.970% (6597/10000)

Epoch: 15
Train:- Loss: 0.302 | Acc: 79.520% (39760/50000)
Test:-  Loss: 0.797 | Acc: 73.180% (7318/10000)

Epoch: 16
Train:- Loss: 0.297 | Acc: 79.896% (39948/50000)
Test:-  Loss: 0.816 | Acc: 72.820% (7282/10000)

Epoch: 17
Train:- Loss: 0.295 | Acc: 80.186% (40093/50000)
Test:-  Loss: 0.788 | Acc: 74.400% (7440/10000)

Epoch: 18
Train:- Loss: 0.292 | Acc: 80.104% (40052/50000)
Test:-  Loss: 0.764 | Acc: 74.890% (7489/10000)

Epoch: 19
Train:- Loss: 0.288 | Acc: 80.518% (40259/50000)
Test:-  Loss: 0.747 | Acc: 75.360% (7536/10000)
Saving..

Epoch: 20
Train:- Loss: 0.287 | Acc: 80.648% (40324/50000)
Test:-  Loss: 0.751 | Acc: 75.160% (7516/10000)

Epoch: 21
Train:- Loss: 0.284 | Acc: 81.006% (40503/50000)
Test:-  Loss: 0.694 | Acc: 77.440% (7744/10000)
Saving..

Epoch: 22
Train:- Loss: 0.279 | Acc: 81.136% (40568/50000)
Test:-  Loss: 0.799 | Acc: 72.830% (7283/10000)

Epoch: 23
Train:- Loss: 0.279 | Acc: 81.238% (40619/50000)
Test:-  Loss: 0.685 | Acc: 77.110% (7711/10000)

Epoch: 24
Train:- Loss: 0.275 | Acc: 81.416% (40708/50000)
Test:-  Loss: 0.639 | Acc: 78.560% (7856/10000)
Saving..

Epoch: 25
Train:- Loss: 0.274 | Acc: 81.550% (40775/50000)
Test:-  Loss: 12.557 | Acc: 20.580% (2058/10000)

Epoch: 26
Train:- Loss: 0.271 | Acc: 81.878% (40939/50000)
Test:-  Loss: 0.719 | Acc: 76.250% (7625/10000)

Epoch: 27
Train:- Loss: 0.268 | Acc: 81.874% (40937/50000)
Test:-  Loss: 0.674 | Acc: 77.480% (7748/10000)

Epoch: 28
Train:- Loss: 0.267 | Acc: 82.248% (41124/50000)
Test:-  Loss: 0.834 | Acc: 74.540% (7454/10000)

Epoch: 29
Train:- Loss: 0.261 | Acc: 82.544% (41272/50000)
Test:-  Loss: 0.711 | Acc: 76.620% (7662/10000)

Epoch: 30
Train:- Loss: 0.265 | Acc: 82.110% (41055/50000)
Test:-  Loss: 0.868 | Acc: 74.710% (7471/10000)

Epoch: 31
Train:- Loss: 0.262 | Acc: 82.500% (41250/50000)
Test:-  Loss: 0.692 | Acc: 77.230% (7723/10000)

Epoch: 32
Train:- Loss: 0.257 | Acc: 82.824% (41412/50000)
Test:-  Loss: 0.633 | Acc: 79.240% (7924/10000)
Saving..

Epoch: 33
Train:- Loss: 0.253 | Acc: 83.042% (41521/50000)
Test:-  Loss: 0.775 | Acc: 74.930% (7493/10000)

Epoch: 34
Train:- Loss: 0.255 | Acc: 82.810% (41405/50000)
Test:-  Loss: 0.680 | Acc: 77.500% (7750/10000)

Epoch: 35
Train:- Loss: 0.251 | Acc: 83.210% (41605/50000)
Test:-  Loss: 0.644 | Acc: 79.060% (7906/10000)

Epoch: 36
Train:- Loss: 0.252 | Acc: 83.084% (41542/50000)
Test:-  Loss: 0.693 | Acc: 77.090% (7709/10000)

Epoch: 37
Train:- Loss: 0.248 | Acc: 83.390% (41695/50000)
Test:-  Loss: 0.719 | Acc: 76.610% (7661/10000)

Epoch: 38
Train:- Loss: 0.248 | Acc: 83.326% (41663/50000)
Test:-  Loss: 0.672 | Acc: 78.230% (7823/10000)

Epoch: 39
Train:- Loss: 0.247 | Acc: 83.328% (41664/50000)
Test:-  Loss: 0.677 | Acc: 77.960% (7796/10000)

Epoch: 40
Train:- Loss: 0.244 | Acc: 83.418% (41709/50000)
Test:-  Loss: 0.622 | Acc: 79.670% (7967/10000)
Saving..

Epoch: 41
Train:- Loss: 0.243 | Acc: 83.626% (41813/50000)
Test:-  Loss: 0.676 | Acc: 77.200% (7720/10000)

Epoch: 42
Train:- Loss: 0.244 | Acc: 83.792% (41896/50000)
Test:-  Loss: 0.883 | Acc: 72.410% (7241/10000)

Epoch: 43
Train:- Loss: 0.243 | Acc: 83.796% (41898/50000)
Test:-  Loss: 0.820 | Acc: 74.350% (7435/10000)

Epoch: 44
Train:- Loss: 0.240 | Acc: 83.864% (41932/50000)
Test:-  Loss: 0.651 | Acc: 79.580% (7958/10000)

Epoch: 45
Train:- Loss: 0.238 | Acc: 84.198% (42099/50000)
Test:-  Loss: 0.682 | Acc: 77.680% (7768/10000)

Epoch: 46
Train:- Loss: 0.238 | Acc: 84.060% (42030/50000)
Test:-  Loss: 0.718 | Acc: 76.050% (7605/10000)

Epoch: 47
Train:- Loss: 0.236 | Acc: 84.186% (42093/50000)
Test:-  Loss: 0.669 | Acc: 77.940% (7794/10000)

Epoch: 48
Train:- Loss: 0.233 | Acc: 84.526% (42263/50000)
Test:-  Loss: 0.644 | Acc: 79.270% (7927/10000)

Epoch: 49
Train:- Loss: 0.230 | Acc: 84.662% (42331/50000)
Test:-  Loss: 0.797 | Acc: 74.230% (7423/10000)
========================================================================================================================
[0.9345877389316364, 0.6837230667738659, 0.5611008845860391, 0.5051362993162306, 0.46072456553159163, 0.41836064914836907, 0.38649927496986314, 0.36718101685156906, 0.35413302119125795, 0.34489963228440346, 0.3347363068014764, 0.3278572111369094, 0.3187316541400407, 0.30986876498021737, 0.30997913576605374, 0.3016769830185129, 0.29682598720349923, 0.29513714419644504, 0.29207590053720245, 0.28810917769018035, 0.28707644554888806, 0.28364893726413815, 0.2787834542238956, 0.27888459257800563, 0.2745101478455774, 0.2738759349317045, 0.2708996373712254, 0.2681964469592437, 0.2673927051446322, 0.261212398976926, 0.2648353407354763, 0.2620726124576443, 0.2567343755584696, 0.25292210856362074, 0.2553294189464863, 0.250980783091939, 0.25235623317530087, 0.24803847598526485, 0.2477140384142661, 0.24677726662601046, 0.2440959432012285, 0.24329713268962969, 0.24367939353065418, 0.24280953640713715, 0.23992588970324266, 0.23821572372523112, 0.23815468620613714, 0.23598722113139184, 0.23259272460666153, 0.23022216400298315] [1.716523256271508, 1.3547869495525482, 1.3064887599580606, 1.1607719819257214, 1.2427256961537014, 0.9074688052675527, 0.8849336060748738, 1.1701548676581899, 0.9376560859619432, 0.8622275416258793, 0.9332235907293429, 0.7498813677745261, 1.076893155362196, 1.0510297110126277, 1.049688158521227, 0.7968312712611666, 0.8155557107014261, 0.7875479714126344, 0.7643272836876523, 0.7466743949112619, 0.7507407564646119, 0.6941620176005515, 0.7987202367964824, 0.6854423400323102, 0.6393430804371074, 12.557054562173832, 0.719054729505709, 0.6740442660583812, 0.833780569635379, 0.7113161125000874, 0.867536280565201, 0.6922625052701136, 0.6334698676683341, 0.77511601975769, 0.6803650540910708, 0.6439642921374862, 0.6930107159219729, 0.7187008244596469, 0.6715186008602191, 0.6773670545429181, 0.621986785322238, 0.6763454311212916, 0.883329980312639, 0.8203564246369016, 0.6505765575132553, 0.681923029718885, 0.7181465914294978, 0.6692825187543395, 0.6442246402904486, 0.7970624725530102] [32.704, 50.356, 59.996, 64.396, 68.02, 70.944, 73.346, 74.646, 76.048, 76.566, 77.402, 77.61, 78.45, 78.858, 78.922, 79.52, 79.896, 80.186, 80.104, 80.518, 80.648, 81.006, 81.136, 81.238, 81.416, 81.55, 81.878, 81.874, 82.248, 82.544, 82.11, 82.5, 82.824, 83.042, 82.81, 83.21, 83.084, 83.39, 83.326, 83.328, 83.418, 83.626, 83.792, 83.796, 83.864, 84.198, 84.06, 84.186, 84.526, 84.662] [37.44, 50.21, 54.4, 60.18, 57.84, 68.55, 69.84, 62.57, 68.22, 70.78, 70.28, 74.94, 65.24, 67.39, 65.97, 73.18, 72.82, 74.4, 74.89, 75.36, 75.16, 77.44, 72.83, 77.11, 78.56, 20.58, 76.25, 77.48, 74.54, 76.62, 74.71, 77.23, 79.24, 74.93, 77.5, 79.06, 77.09, 76.61, 78.23, 77.96, 79.67, 77.2, 72.41, 74.35, 79.58, 77.68, 76.05, 77.94, 79.27, 74.23]
