/home/ridha/Documents/AI539Trustworthy/hw1copy
ridha
Mon Oct 30 08:54:33 AM PDT 2023
==============================================================================
==> Preparing data..
Files already downloaded and verified
./trained_models/resnet_cifar10.pth
Correct Samples(adv): 2024  Iterations: 1  Test Accuracy(adv): 0.2024
Correct Samples(adv): 2031  Iterations: 2  Test Accuracy(adv): 0.2031
Correct Samples(adv): 1953  Iterations: 3  Test Accuracy(adv): 0.1953
Correct Samples(adv): 2011  Iterations: 4  Test Accuracy(adv): 0.2011
Correct Samples(adv): 2021  Iterations: 5  Test Accuracy(adv): 0.2021
Correct Samples(adv): 2016  Iterations: 10  Test Accuracy(adv): 0.2016
Correct Samples(adv): 1959  Iterations: 20  Test Accuracy(adv): 0.1959
Correct Samples(adv): 1985  Iterations: 30  Test Accuracy(adv): 0.1985
Correct Samples(adv): 2001  Iterations: 40  Test Accuracy(adv): 0.2001
Correct Samples(adv): 1982  Iterations: 80  Test Accuracy(adv): 0.1982
Correct Samples(adv): 1959  Iterations: 100  Test Accuracy(adv): 0.1959
Iterations: [1, 2, 3, 4, 5, 10, 20, 30, 40, 80, 100]
Iteration Accuracy Array: [0.2024, 0.2031, 0.1953, 0.2011, 0.2021, 0.2016, 0.1959, 0.1985, 0.2001, 0.1982, 0.1959]
==============================================================================
Mon Oct 30 10:25:45 AM PDT 2023
/home/ridha/Documents/AI539Trustworthy/hw1copy
ridha
Sun Nov  5 04:47:30 PM PST 2023
==============================================================================
==============================================================================
Sun Nov  5 04:49:47 PM PST 2023
