Model: resnet
Dataset: cifar10
Learning Rate: 0.01
No.of Epochs: 50
DropOut
==> Preparing data..
Files already downloaded and verified
Files already downloaded and verified
==> Building model..

Epoch: 0
Train:- Loss: 0.709 | Acc: 48.130% (24065/50000)
Test:-  Loss: 1.225 | Acc: 59.210% (5921/10000)
Saving..

Epoch: 1
Train:- Loss: 0.462 | Acc: 67.412% (33706/50000)
Test:-  Loss: 0.938 | Acc: 68.200% (6820/10000)
Saving..

Epoch: 2
Train:- Loss: 0.354 | Acc: 75.256% (37628/50000)
Test:-  Loss: 0.712 | Acc: 75.150% (7515/10000)
Saving..

Epoch: 3
Train:- Loss: 0.299 | Acc: 79.336% (39668/50000)
Test:-  Loss: 0.604 | Acc: 79.550% (7955/10000)
Saving..

Epoch: 4
Train:- Loss: 0.251 | Acc: 82.606% (41303/50000)
Test:-  Loss: 0.618 | Acc: 78.210% (7821/10000)

Epoch: 5
Train:- Loss: 0.219 | Acc: 84.676% (42338/50000)
Test:-  Loss: 0.532 | Acc: 81.670% (8167/10000)
Saving..

Epoch: 6
Train:- Loss: 0.200 | Acc: 86.106% (43053/50000)
Test:-  Loss: 0.492 | Acc: 83.030% (8303/10000)
Saving..

Epoch: 7
Train:- Loss: 0.177 | Acc: 87.772% (43886/50000)
Test:-  Loss: 0.523 | Acc: 82.640% (8264/10000)

Epoch: 8
Train:- Loss: 0.157 | Acc: 88.946% (44473/50000)
Test:-  Loss: 0.504 | Acc: 83.550% (8355/10000)
Saving..

Epoch: 9
Train:- Loss: 0.145 | Acc: 89.786% (44893/50000)
Test:-  Loss: 0.493 | Acc: 83.890% (8389/10000)
Saving..

Epoch: 10
Train:- Loss: 0.130 | Acc: 90.956% (45478/50000)
Test:-  Loss: 0.465 | Acc: 84.770% (8477/10000)
Saving..

Epoch: 11
Train:- Loss: 0.120 | Acc: 91.758% (45879/50000)
Test:-  Loss: 0.480 | Acc: 84.560% (8456/10000)

Epoch: 12
Train:- Loss: 0.110 | Acc: 92.258% (46129/50000)
Test:-  Loss: 0.436 | Acc: 85.800% (8580/10000)
Saving..

Epoch: 13
Train:- Loss: 0.100 | Acc: 93.080% (46540/50000)
Test:-  Loss: 0.477 | Acc: 84.960% (8496/10000)

Epoch: 14
Train:- Loss: 0.089 | Acc: 93.786% (46893/50000)
Test:-  Loss: 0.447 | Acc: 86.050% (8605/10000)
Saving..

Epoch: 15
Train:- Loss: 0.084 | Acc: 94.100% (47050/50000)
Test:-  Loss: 0.406 | Acc: 87.060% (8706/10000)
Saving..

Epoch: 16
Train:- Loss: 0.078 | Acc: 94.436% (47218/50000)
Test:-  Loss: 0.507 | Acc: 84.790% (8479/10000)

Epoch: 17
Train:- Loss: 0.070 | Acc: 95.084% (47542/50000)
Test:-  Loss: 0.420 | Acc: 87.380% (8738/10000)
Saving..

Epoch: 18
Train:- Loss: 0.065 | Acc: 95.396% (47698/50000)
Test:-  Loss: 0.458 | Acc: 86.440% (8644/10000)

Epoch: 19
Train:- Loss: 0.065 | Acc: 95.274% (47637/50000)
Test:-  Loss: 0.435 | Acc: 86.770% (8677/10000)

Epoch: 20
Train:- Loss: 0.056 | Acc: 96.058% (48029/50000)
Test:-  Loss: 0.417 | Acc: 87.620% (8762/10000)
Saving..

Epoch: 21
Train:- Loss: 0.054 | Acc: 96.196% (48098/50000)
Test:-  Loss: 0.443 | Acc: 87.280% (8728/10000)

Epoch: 22
Train:- Loss: 0.048 | Acc: 96.632% (48316/50000)
Test:-  Loss: 0.440 | Acc: 87.230% (8723/10000)

Epoch: 23
Train:- Loss: 0.042 | Acc: 97.034% (48517/50000)
Test:-  Loss: 0.460 | Acc: 86.930% (8693/10000)

Epoch: 24
Train:- Loss: 0.043 | Acc: 96.942% (48471/50000)
Test:-  Loss: 0.524 | Acc: 86.030% (8603/10000)

Epoch: 25
Train:- Loss: 0.040 | Acc: 97.268% (48634/50000)
Test:-  Loss: 0.438 | Acc: 87.740% (8774/10000)
Saving..

Epoch: 26
Train:- Loss: 0.040 | Acc: 97.232% (48616/50000)
Test:-  Loss: 0.453 | Acc: 87.880% (8788/10000)
Saving..

Epoch: 27
Train:- Loss: 0.032 | Acc: 97.744% (48872/50000)
Test:-  Loss: 0.457 | Acc: 87.570% (8757/10000)

Epoch: 28
Train:- Loss: 0.032 | Acc: 97.802% (48901/50000)
Test:-  Loss: 0.451 | Acc: 87.570% (8757/10000)

Epoch: 29
Train:- Loss: 0.030 | Acc: 97.920% (48960/50000)
Test:-  Loss: 0.443 | Acc: 88.450% (8845/10000)
Saving..

Epoch: 30
Train:- Loss: 0.031 | Acc: 97.850% (48925/50000)
Test:-  Loss: 0.441 | Acc: 88.120% (8812/10000)

Epoch: 31
Train:- Loss: 0.029 | Acc: 98.002% (49001/50000)
Test:-  Loss: 0.420 | Acc: 88.880% (8888/10000)
Saving..

Epoch: 32
Train:- Loss: 0.026 | Acc: 98.246% (49123/50000)
Test:-  Loss: 0.453 | Acc: 87.980% (8798/10000)

Epoch: 33
Train:- Loss: 0.022 | Acc: 98.520% (49260/50000)
Test:-  Loss: 0.506 | Acc: 87.160% (8716/10000)

Epoch: 34
Train:- Loss: 0.022 | Acc: 98.512% (49256/50000)
Test:-  Loss: 0.491 | Acc: 87.330% (8733/10000)

Epoch: 35
Train:- Loss: 0.025 | Acc: 98.280% (49140/50000)
Test:-  Loss: 0.441 | Acc: 87.910% (8791/10000)

Epoch: 36
Train:- Loss: 0.022 | Acc: 98.558% (49279/50000)
Test:-  Loss: 0.457 | Acc: 88.090% (8809/10000)

Epoch: 37
Train:- Loss: 0.020 | Acc: 98.642% (49321/50000)
Test:-  Loss: 0.430 | Acc: 88.670% (8867/10000)

Epoch: 38
Train:- Loss: 0.021 | Acc: 98.590% (49295/50000)
Test:-  Loss: 0.486 | Acc: 87.630% (8763/10000)

Epoch: 39
Train:- Loss: 0.021 | Acc: 98.636% (49318/50000)
Test:-  Loss: 0.416 | Acc: 88.900% (8890/10000)
Saving..

Epoch: 40
Train:- Loss: 0.022 | Acc: 98.514% (49257/50000)
Test:-  Loss: 0.446 | Acc: 88.150% (8815/10000)

Epoch: 41
Train:- Loss: 0.019 | Acc: 98.774% (49387/50000)
Test:-  Loss: 0.435 | Acc: 88.890% (8889/10000)

Epoch: 42
Train:- Loss: 0.018 | Acc: 98.822% (49411/50000)
Test:-  Loss: 0.485 | Acc: 87.650% (8765/10000)

Epoch: 43
Train:- Loss: 0.016 | Acc: 98.944% (49472/50000)
Test:-  Loss: 0.399 | Acc: 89.450% (8945/10000)
Saving..

Epoch: 44
Train:- Loss: 0.018 | Acc: 98.804% (49402/50000)
Test:-  Loss: 0.413 | Acc: 88.970% (8897/10000)

Epoch: 45
Train:- Loss: 0.015 | Acc: 99.090% (49545/50000)
Test:-  Loss: 0.430 | Acc: 89.040% (8904/10000)

Epoch: 46
Train:- Loss: 0.014 | Acc: 99.138% (49569/50000)
Test:-  Loss: 0.427 | Acc: 89.140% (8914/10000)

Epoch: 47
Train:- Loss: 0.018 | Acc: 98.834% (49417/50000)
Test:-  Loss: 0.441 | Acc: 88.520% (8852/10000)

Epoch: 48
Train:- Loss: 0.017 | Acc: 98.884% (49442/50000)
Test:-  Loss: 0.444 | Acc: 88.300% (8830/10000)

Epoch: 49
Train:- Loss: 0.017 | Acc: 98.930% (49465/50000)
Test:-  Loss: 0.423 | Acc: 88.940% (8894/10000)
Completed
[0.708622723589163, 0.46231444300059465, 0.35357440684152686, 0.2987184055301997, 0.25086842501140616, 0.21900949673846248, 0.20022210815106817, 0.17650607071073768, 0.1574377552046419, 0.1452931664655428, 0.13047947455912143, 0.11975540663056133, 0.10965495633766474, 0.10005138953075841, 0.08872606313151433, 0.08439222801848294, 0.07804161282208608, 0.06950613913600288, 0.06534904646365654, 0.06460186397618688, 0.0557243637127273, 0.05407385863339924, 0.0481955484258454, 0.04176702283268027, 0.043401909151883876, 0.03957861259905979, 0.03960092117131004, 0.03242257200217213, 0.03249231278997562, 0.030177634733858878, 0.030833576981852406, 0.02885980993691508, 0.025802074087923035, 0.022173857002410695, 0.022391946035642128, 0.024629041021826732, 0.022290932584602786, 0.020488797092561364, 0.021081186825340457, 0.021126482188534898, 0.022108781934671744, 0.018868429990023222, 0.018464114593640876, 0.016114908436228714, 0.017992341643362483, 0.014914275185391724, 0.013778363933938298, 0.018130642157988836, 0.01741887507547834, 0.017056563156633103] [1.2254220148560349, 0.9384717538857915, 0.7120123881443291, 0.6035943140459669, 0.617929065303438, 0.5323322627005304, 0.4923648466919638, 0.5230379141629882, 0.5038961657103459, 0.4927738640148928, 0.465378211087482, 0.4800852886430777, 0.43635178181775813, 0.4769473502020927, 0.4474429664243558, 0.40594032938313335, 0.5065475581747712, 0.42024110959973304, 0.45800405807176214, 0.4350222950908029, 0.41731962950745966, 0.44315028821776625, 0.44026523636309967, 0.46010477537182487, 0.524150673228844, 0.4380323296994161, 0.45331466900315254, 0.4568520128537136, 0.45051086703493337, 0.442799622133659, 0.4407907533607665, 0.419853980611464, 0.45264393646436135, 0.505767237466232, 0.49127202808477316, 0.4407789064630581, 0.45722603280642987, 0.4299334940636993, 0.486460943463122, 0.41564624329471284, 0.445936890805413, 0.4350232530361528, 0.4853308033316758, 0.39942265914124286, 0.41254383706410597, 0.43005066279582915, 0.42749232713394103, 0.44064264179794654, 0.4442870987306355, 0.4226261873249036] [48.13, 67.412, 75.256, 79.336, 82.606, 84.676, 86.106, 87.772, 88.946, 89.786, 90.956, 91.758, 92.258, 93.08, 93.786, 94.1, 94.436, 95.084, 95.396, 95.274, 96.058, 96.196, 96.632, 97.034, 96.942, 97.268, 97.232, 97.744, 97.802, 97.92, 97.85, 98.002, 98.246, 98.52, 98.512, 98.28, 98.558, 98.642, 98.59, 98.636, 98.514, 98.774, 98.822, 98.944, 98.804, 99.09, 99.138, 98.834, 98.884, 98.93] [59.21, 68.2, 75.15, 79.55, 78.21, 81.67, 83.03, 82.64, 83.55, 83.89, 84.77, 84.56, 85.8, 84.96, 86.05, 87.06, 84.79, 87.38, 86.44, 86.77, 87.62, 87.28, 87.23, 86.93, 86.03, 87.74, 87.88, 87.57, 87.57, 88.45, 88.12, 88.88, 87.98, 87.16, 87.33, 87.91, 88.09, 88.67, 87.63, 88.9, 88.15, 88.89, 87.65, 89.45, 88.97, 89.04, 89.14, 88.52, 88.3, 88.94]
