/home/ridha/Documents/AI539Trustworthy/hw1copy
ridha
Sun Oct 29 09:52:41 PM PDT 2023
==============================================================================
Train ResNet-18 on CIFAR-10 dataset
Model: resnet
Dataset: cifar10
Learning Rate: 0.01
No.of Epochs: 50
Weight Decay: 0.0005
DropOut
==> Preparing data..
Files already downloaded and verified
Files already downloaded and verified
==> Building model..

Epoch: 0
Train:- Loss: 0.732 | Acc: 46.630% (23315/50000)
Test:-  Loss: 1.276 | Acc: 54.820% (5482/10000)
Saving..

Epoch: 1
Train:- Loss: 0.473 | Acc: 66.704% (33352/50000)
Test:-  Loss: 0.954 | Acc: 64.680% (6468/10000)
Saving..

Epoch: 2
Train:- Loss: 0.361 | Acc: 74.794% (37397/50000)
Test:-  Loss: 0.713 | Acc: 75.200% (7520/10000)
Saving..

Epoch: 3
Train:- Loss: 0.297 | Acc: 79.482% (39741/50000)
Test:-  Loss: 0.649 | Acc: 77.290% (7729/10000)
Saving..

Epoch: 4
Train:- Loss: 0.260 | Acc: 82.218% (41109/50000)
Test:-  Loss: 0.642 | Acc: 78.560% (7856/10000)
Saving..

Epoch: 5
Train:- Loss: 0.225 | Acc: 84.430% (42215/50000)
Test:-  Loss: 0.611 | Acc: 79.060% (7906/10000)
Saving..

Epoch: 6
Train:- Loss: 0.200 | Acc: 85.942% (42971/50000)
Test:-  Loss: 0.552 | Acc: 81.600% (8160/10000)
Saving..

Epoch: 7
Train:- Loss: 0.180 | Acc: 87.550% (43775/50000)
Test:-  Loss: 0.486 | Acc: 83.160% (8316/10000)
Saving..

Epoch: 8
Train:- Loss: 0.161 | Acc: 88.744% (44372/50000)
Test:-  Loss: 0.463 | Acc: 84.850% (8485/10000)
Saving..

Epoch: 9
Train:- Loss: 0.146 | Acc: 89.724% (44862/50000)
Test:-  Loss: 0.486 | Acc: 84.400% (8440/10000)

Epoch: 10
Train:- Loss: 0.133 | Acc: 90.616% (45308/50000)
Test:-  Loss: 0.454 | Acc: 84.990% (8499/10000)
Saving..

Epoch: 11
Train:- Loss: 0.124 | Acc: 91.284% (45642/50000)
Test:-  Loss: 0.407 | Acc: 86.360% (8636/10000)
Saving..

Epoch: 12
Train:- Loss: 0.112 | Acc: 91.966% (45983/50000)
Test:-  Loss: 0.464 | Acc: 85.520% (8552/10000)

Epoch: 13
Train:- Loss: 0.102 | Acc: 92.748% (46374/50000)
Test:-  Loss: 0.528 | Acc: 83.590% (8359/10000)

Epoch: 14
Train:- Loss: 0.095 | Acc: 93.326% (46663/50000)
Test:-  Loss: 0.491 | Acc: 84.970% (8497/10000)

Epoch: 15
Train:- Loss: 0.086 | Acc: 93.850% (46925/50000)
Test:-  Loss: 0.413 | Acc: 86.940% (8694/10000)
Saving..

Epoch: 16
Train:- Loss: 0.079 | Acc: 94.360% (47180/50000)
Test:-  Loss: 0.396 | Acc: 87.500% (8750/10000)
Saving..

Epoch: 17
Train:- Loss: 0.072 | Acc: 94.838% (47419/50000)
Test:-  Loss: 0.466 | Acc: 85.910% (8591/10000)

Epoch: 18
Train:- Loss: 0.064 | Acc: 95.330% (47665/50000)
Test:-  Loss: 0.439 | Acc: 86.370% (8637/10000)

Epoch: 19
Train:- Loss: 0.063 | Acc: 95.528% (47764/50000)
Test:-  Loss: 0.417 | Acc: 87.540% (8754/10000)
Saving..

Epoch: 20
Train:- Loss: 0.052 | Acc: 96.370% (48185/50000)
Test:-  Loss: 0.431 | Acc: 87.330% (8733/10000)

Epoch: 21
Train:- Loss: 0.053 | Acc: 96.268% (48134/50000)
Test:-  Loss: 0.467 | Acc: 86.850% (8685/10000)

Epoch: 22
Train:- Loss: 0.049 | Acc: 96.616% (48308/50000)
Test:-  Loss: 0.397 | Acc: 88.370% (8837/10000)
Saving..

Epoch: 23
Train:- Loss: 0.044 | Acc: 97.022% (48511/50000)
Test:-  Loss: 0.431 | Acc: 87.480% (8748/10000)

Epoch: 24
Train:- Loss: 0.041 | Acc: 97.102% (48551/50000)
Test:-  Loss: 0.459 | Acc: 86.990% (8699/10000)

Epoch: 25
Train:- Loss: 0.039 | Acc: 97.270% (48635/50000)
Test:-  Loss: 0.415 | Acc: 88.170% (8817/10000)

Epoch: 26
Train:- Loss: 0.036 | Acc: 97.542% (48771/50000)
Test:-  Loss: 0.429 | Acc: 88.020% (8802/10000)

Epoch: 27
Train:- Loss: 0.035 | Acc: 97.524% (48762/50000)
Test:-  Loss: 0.445 | Acc: 87.710% (8771/10000)

Epoch: 28
Train:- Loss: 0.034 | Acc: 97.648% (48824/50000)
Test:-  Loss: 0.446 | Acc: 87.740% (8774/10000)

Epoch: 29
Train:- Loss: 0.029 | Acc: 98.040% (49020/50000)
Test:-  Loss: 0.472 | Acc: 87.770% (8777/10000)

Epoch: 30
Train:- Loss: 0.028 | Acc: 98.102% (49051/50000)
Test:-  Loss: 0.524 | Acc: 86.560% (8656/10000)

Epoch: 31
Train:- Loss: 0.028 | Acc: 98.054% (49027/50000)
Test:-  Loss: 0.437 | Acc: 88.340% (8834/10000)

Epoch: 32
Train:- Loss: 0.026 | Acc: 98.274% (49137/50000)
Test:-  Loss: 0.427 | Acc: 88.550% (8855/10000)
Saving..

Epoch: 33
Train:- Loss: 0.026 | Acc: 98.164% (49082/50000)
Test:-  Loss: 0.450 | Acc: 88.680% (8868/10000)
Saving..

Epoch: 34
Train:- Loss: 0.026 | Acc: 98.168% (49084/50000)
Test:-  Loss: 0.430 | Acc: 88.530% (8853/10000)

Epoch: 35
Train:- Loss: 0.024 | Acc: 98.408% (49204/50000)
Test:-  Loss: 0.431 | Acc: 88.360% (8836/10000)

Epoch: 36
Train:- Loss: 0.024 | Acc: 98.448% (49224/50000)
Test:-  Loss: 0.401 | Acc: 89.610% (8961/10000)
Saving..

Epoch: 37
Train:- Loss: 0.017 | Acc: 98.912% (49456/50000)
Test:-  Loss: 0.437 | Acc: 88.770% (8877/10000)

Epoch: 38
Train:- Loss: 0.021 | Acc: 98.586% (49293/50000)
Test:-  Loss: 0.438 | Acc: 88.910% (8891/10000)

Epoch: 39
Train:- Loss: 0.020 | Acc: 98.694% (49347/50000)
Test:-  Loss: 0.436 | Acc: 88.580% (8858/10000)

Epoch: 40
Train:- Loss: 0.019 | Acc: 98.786% (49393/50000)
Test:-  Loss: 0.403 | Acc: 89.080% (8908/10000)

Epoch: 41
Train:- Loss: 0.019 | Acc: 98.752% (49376/50000)
Test:-  Loss: 0.410 | Acc: 89.440% (8944/10000)

Epoch: 42
Train:- Loss: 0.018 | Acc: 98.778% (49389/50000)
Test:-  Loss: 0.419 | Acc: 89.440% (8944/10000)

Epoch: 43
Train:- Loss: 0.017 | Acc: 98.890% (49445/50000)
Test:-  Loss: 0.414 | Acc: 89.180% (8918/10000)

Epoch: 44
Train:- Loss: 0.019 | Acc: 98.732% (49366/50000)
Test:-  Loss: 0.415 | Acc: 89.310% (8931/10000)

Epoch: 45
Train:- Loss: 0.018 | Acc: 98.876% (49438/50000)
Test:-  Loss: 0.399 | Acc: 89.510% (8951/10000)

Epoch: 46
Train:- Loss: 0.017 | Acc: 98.916% (49458/50000)
Test:-  Loss: 0.400 | Acc: 89.640% (8964/10000)
Saving..

Epoch: 47
Train:- Loss: 0.015 | Acc: 99.028% (49514/50000)
Test:-  Loss: 0.422 | Acc: 88.900% (8890/10000)

Epoch: 48
Train:- Loss: 0.016 | Acc: 99.024% (49512/50000)
Test:-  Loss: 0.414 | Acc: 89.370% (8937/10000)

Epoch: 49
Train:- Loss: 0.015 | Acc: 99.078% (49539/50000)
Test:-  Loss: 0.408 | Acc: 89.320% (8932/10000)
Completed
[0.732246679189565, 0.472965849101391, 0.36068212858322635, 0.297382308698981, 0.25957529923266465, 0.22502978402368554, 0.2000523314089574, 0.18002492779165583, 0.16120420541623823, 0.14624206977122275, 0.13274045515319574, 0.12362289228869597, 0.11242374067392458, 0.10158749973958792, 0.09511108970379129, 0.08614025213767576, 0.07900377966658882, 0.07201185835706418, 0.06412121411913153, 0.06289305233175073, 0.052260571823972264, 0.05306499225832998, 0.04868642997968456, 0.04358148407917518, 0.041129250841005646, 0.038989680058196606, 0.0361118545354394, 0.03507698032126078, 0.034189826525423836, 0.029083958048971317, 0.028476841568225122, 0.028177478579510137, 0.02576144846499233, 0.02636257747424614, 0.026338297181347115, 0.024090179830894964, 0.024213648733922313, 0.016982849157663047, 0.021344074536242364, 0.020354519684902032, 0.01905297687443335, 0.018859191625581487, 0.018244434446554936, 0.01745833830697738, 0.018742050330364204, 0.017513949414351932, 0.01663253932086396, 0.015051436102356585, 0.01582078418939772, 0.015243959174912168] [1.2762820637150176, 0.9542222546923692, 0.713166443595461, 0.6492403030015861, 0.6420776606745021, 0.6106934862531674, 0.5519490393863362, 0.48638670744409984, 0.46348025730461073, 0.4856575573705564, 0.45426986921744744, 0.4069280965123207, 0.46370658961830624, 0.5275224750019183, 0.4906710835209318, 0.4131793854817463, 0.3961859313640625, 0.4663972279922977, 0.43925210928461356, 0.41739221847361063, 0.4310679535387428, 0.466853861145343, 0.39700135275436815, 0.4312567406209411, 0.459222105278331, 0.4151869949166942, 0.42913246705273916, 0.4450079596061615, 0.4463021579631575, 0.47211846590611584, 0.5243381031189754, 0.43706216677358956, 0.4269807254717608, 0.45013396159573726, 0.4296776437835329, 0.43107037597401127, 0.40093725079753595, 0.43712644910166976, 0.43765266638272887, 0.4356139413300593, 0.4032128430950414, 0.41038639767534413, 0.41853099732784327, 0.41351781989548614, 0.4150160527817763, 0.39931491202419733, 0.39975158955640855, 0.42221934960526264, 0.413646739735535, 0.4079130610368054] [46.63, 66.704, 74.794, 79.482, 82.218, 84.43, 85.942, 87.55, 88.744, 89.724, 90.616, 91.284, 91.966, 92.748, 93.326, 93.85, 94.36, 94.838, 95.33, 95.528, 96.37, 96.268, 96.616, 97.022, 97.102, 97.27, 97.542, 97.524, 97.648, 98.04, 98.102, 98.054, 98.274, 98.164, 98.168, 98.408, 98.448, 98.912, 98.586, 98.694, 98.786, 98.752, 98.778, 98.89, 98.732, 98.876, 98.916, 99.028, 99.024, 99.078] [54.82, 64.68, 75.2, 77.29, 78.56, 79.06, 81.6, 83.16, 84.85, 84.4, 84.99, 86.36, 85.52, 83.59, 84.97, 86.94, 87.5, 85.91, 86.37, 87.54, 87.33, 86.85, 88.37, 87.48, 86.99, 88.17, 88.02, 87.71, 87.74, 87.77, 86.56, 88.34, 88.55, 88.68, 88.53, 88.36, 89.61, 88.77, 88.91, 88.58, 89.08, 89.44, 89.44, 89.18, 89.31, 89.51, 89.64, 88.9, 89.37, 89.32]
Sun Oct 29 10:05:16 PM PDT 2023
/home/ridha/Documents/AI539Trustworthy/hw1copy
ridha
Sun Nov  5 03:37:11 PM PST 2023
==============================================================================
Train ResNet-18 on CIFAR-10 dataset
==============================================================================
Sun Nov  5 03:37:11 PM PST 2023
/home/ridha/Documents/AI539Trustworthy/hw1copy
ridha
Sun Nov  5 03:42:22 PM PST 2023
==============================================================================
Train ResNet-18 on CIFAR-10 dataset
==============================================================================
Sun Nov  5 03:42:23 PM PST 2023
/home/ridha/Documents/AI539Trustworthy/hw1copy
ridha
Sun Nov  5 03:55:09 PM PST 2023
==============================================================================
Train ResNet-18 on CIFAR-10 dataset
==============================================================================
Sun Nov  5 03:55:10 PM PST 2023
/home/ridha/Documents/AI539Trustworthy/hw1copy
ridha
Sun Nov  5 03:57:12 PM PST 2023
==============================================================================
Train ResNet-18 on CIFAR-10 dataset
/home/ridha/Documents/AI539Trustworthy/hw1copy
ridha
Sun Nov  5 04:20:55 PM PST 2023
==============================================================================
Train ResNet-18 on CIFAR-10 dataset
==============================================================================
Sun Nov  5 04:33:25 PM PST 2023
