========================================================================================================================
Model: resnet
Dataset: cifar10
Learning Rate: 0.01
No.of Epochs: 50
Weight Decay: 0.01
DropOut
========================================================================================================================
==> Preparing data..
Files already downloaded and verified
Files already downloaded and verified
========================================================================================================================
==> Building model..

Epoch: 0
Train:- Loss: 0.996 | Acc: 24.240% (12120/50000)
Test:-  Loss: 2.117 | Acc: 21.650% (2165/10000)
Saving..

Epoch: 1
Train:- Loss: 0.906 | Acc: 28.250% (14125/50000)
Test:-  Loss: 1.973 | Acc: 25.080% (2508/10000)
Saving..

Epoch: 2
Train:- Loss: 0.891 | Acc: 29.640% (14820/50000)
Test:-  Loss: 1.964 | Acc: 26.120% (2612/10000)
Saving..

Epoch: 3
Train:- Loss: 0.881 | Acc: 31.056% (15528/50000)
Test:-  Loss: 2.091 | Acc: 21.670% (2167/10000)

Epoch: 4
Train:- Loss: 0.865 | Acc: 32.830% (16415/50000)
Test:-  Loss: 2.322 | Acc: 20.000% (2000/10000)

Epoch: 5
Train:- Loss: 0.847 | Acc: 34.766% (17383/50000)
Test:-  Loss: 1.707 | Acc: 33.670% (3367/10000)
Saving..

Epoch: 6
Train:- Loss: 0.844 | Acc: 34.612% (17306/50000)
Test:-  Loss: 2.256 | Acc: 18.760% (1876/10000)

Epoch: 7
Train:- Loss: 0.832 | Acc: 35.204% (17602/50000)
Test:-  Loss: 3.656 | Acc: 14.530% (1453/10000)

Epoch: 8
Train:- Loss: 0.825 | Acc: 35.528% (17764/50000)
Test:-  Loss: 2.553 | Acc: 17.930% (1793/10000)

Epoch: 9
Train:- Loss: 0.820 | Acc: 36.036% (18018/50000)
Test:-  Loss: 2.152 | Acc: 21.560% (2156/10000)

Epoch: 10
Train:- Loss: 0.816 | Acc: 36.462% (18231/50000)
Test:-  Loss: 3.620 | Acc: 17.410% (1741/10000)

Epoch: 11
Train:- Loss: 0.812 | Acc: 37.088% (18544/50000)
Test:-  Loss: 2.831 | Acc: 15.080% (1508/10000)

Epoch: 12
Train:- Loss: 0.804 | Acc: 37.696% (18848/50000)
Test:-  Loss: 2.077 | Acc: 26.170% (2617/10000)

Epoch: 13
Train:- Loss: 0.801 | Acc: 38.000% (19000/50000)
Test:-  Loss: 4.055 | Acc: 10.530% (1053/10000)

Epoch: 14
Train:- Loss: 0.794 | Acc: 38.578% (19289/50000)
Test:-  Loss: 1.714 | Acc: 35.270% (3527/10000)
Saving..

Epoch: 15
Train:- Loss: 0.787 | Acc: 39.326% (19663/50000)
Test:-  Loss: 1.843 | Acc: 32.980% (3298/10000)

Epoch: 16
Train:- Loss: 0.785 | Acc: 39.488% (19744/50000)
Test:-  Loss: 1.975 | Acc: 29.340% (2934/10000)

Epoch: 17
Train:- Loss: 0.781 | Acc: 40.006% (20003/50000)
Test:-  Loss: 4.024 | Acc: 10.070% (1007/10000)

Epoch: 18
Train:- Loss: 0.780 | Acc: 39.872% (19936/50000)
Test:-  Loss: 1.865 | Acc: 29.350% (2935/10000)

Epoch: 19
Train:- Loss: 0.784 | Acc: 39.542% (19771/50000)
Test:-  Loss: 1.990 | Acc: 28.830% (2883/10000)

Epoch: 20
Train:- Loss: 0.780 | Acc: 40.118% (20059/50000)
Test:-  Loss: 1.809 | Acc: 29.820% (2982/10000)

Epoch: 21
Train:- Loss: 0.783 | Acc: 39.762% (19881/50000)
Test:-  Loss: 8.985 | Acc: 13.010% (1301/10000)

Epoch: 22
Train:- Loss: 0.779 | Acc: 40.068% (20034/50000)
Test:-  Loss: 1.869 | Acc: 30.600% (3060/10000)

Epoch: 23
Train:- Loss: 0.783 | Acc: 40.128% (20064/50000)
Test:-  Loss: 1.789 | Acc: 33.570% (3357/10000)

Epoch: 24
Train:- Loss: 0.780 | Acc: 39.952% (19976/50000)
Test:-  Loss: 1.898 | Acc: 29.630% (2963/10000)

Epoch: 25
Train:- Loss: 0.783 | Acc: 39.984% (19992/50000)
Test:-  Loss: 2.168 | Acc: 30.600% (3060/10000)

Epoch: 26
Train:- Loss: 0.781 | Acc: 40.026% (20013/50000)
Test:-  Loss: 1.873 | Acc: 30.290% (3029/10000)

Epoch: 27
Train:- Loss: 0.781 | Acc: 40.234% (20117/50000)
Test:-  Loss: 1.878 | Acc: 29.990% (2999/10000)

Epoch: 28
Train:- Loss: 0.778 | Acc: 40.378% (20189/50000)
Test:-  Loss: 1.674 | Acc: 33.970% (3397/10000)

Epoch: 29
Train:- Loss: 0.776 | Acc: 40.496% (20248/50000)
Test:-  Loss: 1.820 | Acc: 32.400% (3240/10000)

Epoch: 30
Train:- Loss: 0.774 | Acc: 40.610% (20305/50000)
Test:-  Loss: 2.391 | Acc: 17.330% (1733/10000)

Epoch: 31
Train:- Loss: 0.779 | Acc: 40.604% (20302/50000)
Test:-  Loss: 2.149 | Acc: 21.010% (2101/10000)

Epoch: 32
Train:- Loss: 0.776 | Acc: 40.484% (20242/50000)
Test:-  Loss: 2.500 | Acc: 23.520% (2352/10000)

Epoch: 33
Train:- Loss: 0.775 | Acc: 40.858% (20429/50000)
Test:-  Loss: 2.027 | Acc: 27.290% (2729/10000)

Epoch: 34
Train:- Loss: 0.774 | Acc: 40.498% (20249/50000)
Test:-  Loss: 1.943 | Acc: 30.700% (3070/10000)

Epoch: 35
Train:- Loss: 0.774 | Acc: 40.910% (20455/50000)
Test:-  Loss: 2.570 | Acc: 23.960% (2396/10000)

Epoch: 36
Train:- Loss: 0.774 | Acc: 40.756% (20378/50000)
Test:-  Loss: 4.515 | Acc: 14.710% (1471/10000)

Epoch: 37
Train:- Loss: 0.773 | Acc: 40.578% (20289/50000)
Test:-  Loss: 3.696 | Acc: 16.650% (1665/10000)

Epoch: 38
Train:- Loss: 0.773 | Acc: 40.860% (20430/50000)
Test:-  Loss: 1.907 | Acc: 28.750% (2875/10000)

Epoch: 39
Train:- Loss: 0.770 | Acc: 41.018% (20509/50000)
Test:-  Loss: 1.706 | Acc: 37.220% (3722/10000)
Saving..

Epoch: 40
Train:- Loss: 0.769 | Acc: 41.452% (20726/50000)
Test:-  Loss: 1.861 | Acc: 31.320% (3132/10000)

Epoch: 41
Train:- Loss: 0.767 | Acc: 41.666% (20833/50000)
Test:-  Loss: 1.640 | Acc: 37.260% (3726/10000)
Saving..

Epoch: 42
Train:- Loss: 0.769 | Acc: 41.274% (20637/50000)
Test:-  Loss: 3.606 | Acc: 23.110% (2311/10000)

Epoch: 43
Train:- Loss: 0.770 | Acc: 41.122% (20561/50000)
Test:-  Loss: 2.730 | Acc: 22.260% (2226/10000)

Epoch: 44
Train:- Loss: 0.767 | Acc: 41.448% (20724/50000)
Test:-  Loss: 2.560 | Acc: 26.280% (2628/10000)

Epoch: 45
Train:- Loss: 0.763 | Acc: 41.818% (20909/50000)
Test:-  Loss: 1.774 | Acc: 33.010% (3301/10000)

Epoch: 46
Train:- Loss: 0.770 | Acc: 41.112% (20556/50000)
Test:-  Loss: 1.735 | Acc: 34.960% (3496/10000)

Epoch: 47
Train:- Loss: 0.765 | Acc: 41.724% (20862/50000)
Test:-  Loss: 2.044 | Acc: 30.850% (3085/10000)

Epoch: 48
Train:- Loss: 0.767 | Acc: 41.206% (20603/50000)
Test:-  Loss: 1.796 | Acc: 33.180% (3318/10000)

Epoch: 49
Train:- Loss: 0.767 | Acc: 41.604% (20802/50000)
Test:-  Loss: 2.207 | Acc: 23.260% (2326/10000)
========================================================================================================================
[0.9955089882664059, 0.9061090563569227, 0.8910573165282569, 0.8808907246040871, 0.8645550435613794, 0.8473730943239558, 0.8438784424453745, 0.8323990790282979, 0.8251954301086533, 0.8201718124587213, 0.8159618847205511, 0.8115415522814406, 0.8040714093181484, 0.8013187363324568, 0.7936094639551304, 0.7874613471348267, 0.7847759779304495, 0.7810474343769386, 0.7802056976596413, 0.7839123082282903, 0.7800021641089788, 0.7834875804688924, 0.7789483406507146, 0.7834084395252531, 0.7801440346728811, 0.7831578891905372, 0.7807990543525237, 0.7808325406535507, 0.7780322692430842, 0.7762848656348256, 0.77444210778112, 0.7787082605349743, 0.7755517803342141, 0.7747702589425285, 0.7740485247443704, 0.7738185273411938, 0.7736311673050951, 0.7732612886239806, 0.7728520175227729, 0.7697604236090579, 0.7692004968138302, 0.767090343529611, 0.7693722472166467, 0.7702332366153103, 0.7674533395511111, 0.763143132790885, 0.7698782583331818, 0.7647577575253098, 0.7671512315035476, 0.7674434980010743] [2.1174331235278183, 1.9728951484534392, 1.9641621940454859, 2.090648646567278, 2.32189311267464, 1.7068392266133787, 2.256004773127805, 3.65608478959199, 2.5532075371711875, 2.151518618984587, 3.619543616179448, 2.830890684370782, 2.0770759013048403, 4.054775394451846, 1.7141541333714867, 1.8431516088497866, 1.974757779935363, 4.024336435232952, 1.864895383263849, 1.9900126631852169, 1.8090959438093148, 8.984717621165476, 1.8687933258190277, 1.7887243032455444, 1.898243062815089, 2.1684813772796825, 1.8730210779578822, 1.8782557613530737, 1.6737877760723139, 1.8196937878420398, 2.3905203889130027, 2.148927704543824, 2.4995680440003705, 2.0271144854794643, 1.9428079530691644, 2.5704109790218865, 4.514975764948851, 3.6959677091829337, 1.9070776382069679, 1.7058284723075332, 1.8614072063166625, 1.6396843802397418, 3.605993478920809, 2.7295721199861758, 2.5595613953414236, 1.7735788396968963, 1.735256825283075, 2.044207070283829, 1.7960866978214045, 2.206677789900713] [24.24, 28.25, 29.64, 31.056, 32.83, 34.766, 34.612, 35.204, 35.528, 36.036, 36.462, 37.088, 37.696, 38.0, 38.578, 39.326, 39.488, 40.006, 39.872, 39.542, 40.118, 39.762, 40.068, 40.128, 39.952, 39.984, 40.026, 40.234, 40.378, 40.496, 40.61, 40.604, 40.484, 40.858, 40.498, 40.91, 40.756, 40.578, 40.86, 41.018, 41.452, 41.666, 41.274, 41.122, 41.448, 41.818, 41.112, 41.724, 41.206, 41.604] [21.65, 25.08, 26.12, 21.67, 20.0, 33.67, 18.76, 14.53, 17.93, 21.56, 17.41, 15.08, 26.17, 10.53, 35.27, 32.98, 29.34, 10.07, 29.35, 28.83, 29.82, 13.01, 30.6, 33.57, 29.63, 30.6, 30.29, 29.99, 33.97, 32.4, 17.33, 21.01, 23.52, 27.29, 30.7, 23.96, 14.71, 16.65, 28.75, 37.22, 31.32, 37.26, 23.11, 22.26, 26.28, 33.01, 34.96, 30.85, 33.18, 23.26]
