========================================================================================================================
Model: resnet
Dataset: cifar10
Learning Rate: 0.01
No.of Epochs: 50
Weight Decay: 0.001
DropOut
========================================================================================================================
==> Preparing data..
Files already downloaded and verified
Files already downloaded and verified
========================================================================================================================
==> Building model..

Epoch: 0
Train:- Loss: 0.902 | Acc: 33.914% (16957/50000)
Test:-  Loss: 1.733 | Acc: 37.300% (3730/10000)
Saving..

Epoch: 1
Train:- Loss: 0.700 | Acc: 48.390% (24195/50000)
Test:-  Loss: 1.418 | Acc: 47.580% (4758/10000)
Saving..

Epoch: 2
Train:- Loss: 0.635 | Acc: 53.652% (26826/50000)
Test:-  Loss: 1.392 | Acc: 49.190% (4919/10000)
Saving..

Epoch: 3
Train:- Loss: 0.603 | Acc: 56.618% (28309/50000)
Test:-  Loss: 1.362 | Acc: 51.230% (5123/10000)
Saving..

Epoch: 4
Train:- Loss: 0.585 | Acc: 58.060% (29030/50000)
Test:-  Loss: 1.412 | Acc: 50.680% (5068/10000)

Epoch: 5
Train:- Loss: 0.577 | Acc: 58.790% (29395/50000)
Test:-  Loss: 1.285 | Acc: 55.110% (5511/10000)
Saving..

Epoch: 6
Train:- Loss: 0.563 | Acc: 59.996% (29998/50000)
Test:-  Loss: 1.569 | Acc: 47.120% (4712/10000)

Epoch: 7
Train:- Loss: 0.551 | Acc: 60.842% (30421/50000)
Test:-  Loss: 1.180 | Acc: 58.300% (5830/10000)
Saving..

Epoch: 8
Train:- Loss: 0.545 | Acc: 61.276% (30638/50000)
Test:-  Loss: 1.595 | Acc: 48.320% (4832/10000)

Epoch: 9
Train:- Loss: 0.541 | Acc: 61.398% (30699/50000)
Test:-  Loss: 1.420 | Acc: 50.870% (5087/10000)

Epoch: 10
Train:- Loss: 0.534 | Acc: 62.354% (31177/50000)
Test:-  Loss: 1.291 | Acc: 55.730% (5573/10000)

Epoch: 11
Train:- Loss: 0.533 | Acc: 62.294% (31147/50000)
Test:-  Loss: 1.462 | Acc: 51.600% (5160/10000)

Epoch: 12
Train:- Loss: 0.529 | Acc: 62.632% (31316/50000)
Test:-  Loss: 1.257 | Acc: 56.780% (5678/10000)

Epoch: 13
Train:- Loss: 0.526 | Acc: 62.652% (31326/50000)
Test:-  Loss: 1.589 | Acc: 46.280% (4628/10000)

Epoch: 14
Train:- Loss: 0.521 | Acc: 63.178% (31589/50000)
Test:-  Loss: 1.171 | Acc: 59.000% (5900/10000)
Saving..

Epoch: 15
Train:- Loss: 0.521 | Acc: 63.384% (31692/50000)
Test:-  Loss: 2.471 | Acc: 40.660% (4066/10000)

Epoch: 16
Train:- Loss: 0.519 | Acc: 63.190% (31595/50000)
Test:-  Loss: 1.667 | Acc: 49.100% (4910/10000)

Epoch: 17
Train:- Loss: 0.516 | Acc: 63.744% (31872/50000)
Test:-  Loss: 1.421 | Acc: 53.850% (5385/10000)

Epoch: 18
Train:- Loss: 0.513 | Acc: 63.644% (31822/50000)
Test:-  Loss: 1.062 | Acc: 62.160% (6216/10000)
Saving..

Epoch: 19
Train:- Loss: 0.510 | Acc: 64.174% (32087/50000)
Test:-  Loss: 1.106 | Acc: 60.920% (6092/10000)

Epoch: 20
Train:- Loss: 0.508 | Acc: 64.214% (32107/50000)
Test:-  Loss: 1.252 | Acc: 54.690% (5469/10000)

Epoch: 21
Train:- Loss: 0.510 | Acc: 64.160% (32080/50000)
Test:-  Loss: 1.241 | Acc: 56.650% (5665/10000)

Epoch: 22
Train:- Loss: 0.502 | Acc: 64.510% (32255/50000)
Test:-  Loss: 1.342 | Acc: 53.150% (5315/10000)

Epoch: 23
Train:- Loss: 0.503 | Acc: 64.366% (32183/50000)
Test:-  Loss: 1.113 | Acc: 61.270% (6127/10000)

Epoch: 24
Train:- Loss: 0.499 | Acc: 64.816% (32408/50000)
Test:-  Loss: 1.197 | Acc: 58.350% (5835/10000)

Epoch: 25
Train:- Loss: 0.501 | Acc: 64.946% (32473/50000)
Test:-  Loss: 1.171 | Acc: 58.490% (5849/10000)

Epoch: 26
Train:- Loss: 0.499 | Acc: 64.820% (32410/50000)
Test:-  Loss: 1.399 | Acc: 52.680% (5268/10000)

Epoch: 27
Train:- Loss: 0.492 | Acc: 65.356% (32678/50000)
Test:-  Loss: 1.919 | Acc: 42.790% (4279/10000)

Epoch: 28
Train:- Loss: 0.492 | Acc: 65.506% (32753/50000)
Test:-  Loss: 2.108 | Acc: 40.250% (4025/10000)

Epoch: 29
Train:- Loss: 0.487 | Acc: 65.898% (32949/50000)
Test:-  Loss: 1.270 | Acc: 54.370% (5437/10000)

Epoch: 30
Train:- Loss: 0.487 | Acc: 65.752% (32876/50000)
Test:-  Loss: 1.502 | Acc: 48.720% (4872/10000)

Epoch: 31
Train:- Loss: 0.482 | Acc: 66.284% (33142/50000)
Test:-  Loss: 1.197 | Acc: 57.750% (5775/10000)

Epoch: 32
Train:- Loss: 0.482 | Acc: 66.364% (33182/50000)
Test:-  Loss: 1.059 | Acc: 62.760% (6276/10000)
Saving..

Epoch: 33
Train:- Loss: 0.477 | Acc: 66.446% (33223/50000)
Test:-  Loss: 1.771 | Acc: 47.250% (4725/10000)

Epoch: 34
Train:- Loss: 0.477 | Acc: 66.606% (33303/50000)
Test:-  Loss: 1.163 | Acc: 59.430% (5943/10000)

Epoch: 35
Train:- Loss: 0.476 | Acc: 66.864% (33432/50000)
Test:-  Loss: 1.313 | Acc: 56.240% (5624/10000)

Epoch: 36
Train:- Loss: 0.478 | Acc: 66.590% (33295/50000)
Test:-  Loss: 1.035 | Acc: 64.010% (6401/10000)
Saving..

Epoch: 37
Train:- Loss: 0.472 | Acc: 66.832% (33416/50000)
Test:-  Loss: 1.325 | Acc: 53.580% (5358/10000)

Epoch: 38
Train:- Loss: 0.473 | Acc: 67.058% (33529/50000)
Test:-  Loss: 1.112 | Acc: 61.990% (6199/10000)

Epoch: 39
Train:- Loss: 0.471 | Acc: 66.996% (33498/50000)
Test:-  Loss: 6.501 | Acc: 22.580% (2258/10000)

Epoch: 40
Train:- Loss: 0.472 | Acc: 66.978% (33489/50000)
Test:-  Loss: 1.324 | Acc: 56.500% (5650/10000)

Epoch: 41
Train:- Loss: 0.466 | Acc: 67.592% (33796/50000)
Test:-  Loss: 1.373 | Acc: 51.650% (5165/10000)

Epoch: 42
Train:- Loss: 0.469 | Acc: 67.350% (33675/50000)
Test:-  Loss: 1.107 | Acc: 61.940% (6194/10000)

Epoch: 43
Train:- Loss: 0.462 | Acc: 67.946% (33973/50000)
Test:-  Loss: 1.448 | Acc: 52.340% (5234/10000)

Epoch: 44
Train:- Loss: 0.466 | Acc: 67.546% (33773/50000)
Test:-  Loss: 1.450 | Acc: 53.690% (5369/10000)

Epoch: 45
Train:- Loss: 0.462 | Acc: 67.746% (33873/50000)
Test:-  Loss: 1.157 | Acc: 60.920% (6092/10000)

Epoch: 46
Train:- Loss: 0.464 | Acc: 67.530% (33765/50000)
Test:-  Loss: 1.157 | Acc: 59.490% (5949/10000)

Epoch: 47
Train:- Loss: 0.462 | Acc: 67.846% (33923/50000)
Test:-  Loss: 2.319 | Acc: 44.790% (4479/10000)

Epoch: 48
Train:- Loss: 0.461 | Acc: 67.840% (33920/50000)
Test:-  Loss: 1.204 | Acc: 60.020% (6002/10000)

Epoch: 49
Train:- Loss: 0.459 | Acc: 68.018% (34009/50000)
Test:-  Loss: 1.082 | Acc: 62.260% (6226/10000)
========================================================================================================================
[0.9016997476520441, 0.7000283717804248, 0.6349273882711025, 0.6027862843878738, 0.584639262550932, 0.576524331174848, 0.5634131095827083, 0.5512037941104616, 0.5450240457835405, 0.540795028476459, 0.5335001229782543, 0.5327775561824784, 0.5285289968218645, 0.5260116156867093, 0.5213531942852317, 0.5213826173330511, 0.5191466280490237, 0.5158007471152889, 0.513094571354749, 0.510110118085771, 0.5076267403714797, 0.5099207747851491, 0.5018543279384409, 0.5029960492306658, 0.4990811252304355, 0.5008540724015906, 0.4993372100317265, 0.4924551163183149, 0.4919805877348956, 0.4867366444881615, 0.48696862900501015, 0.4824990671309059, 0.4820007101044326, 0.4774715844779978, 0.47696891728112156, 0.4764106202765804, 0.4775604204372372, 0.47210250051735003, 0.4725048373574796, 0.4712838851811026, 0.4717142903972465, 0.4658957804789019, 0.4687464268463652, 0.46179728438634704, 0.46596867025203415, 0.46168343997215067, 0.46371836674487804, 0.4623473267192426, 0.46112929821929055, 0.4591690657846153] [1.7327140038180504, 1.4178065539924962, 1.3917539681598639, 1.3615231221648538, 1.4118221216141038, 1.2847006077979022, 1.5687322897516238, 1.1799963568426242, 1.5954398205325862, 1.4201722433612605, 1.2910513152742082, 1.4620637753207213, 1.257286951040766, 1.589493156238726, 1.170756337748971, 2.4713420670503266, 1.6671555945827703, 1.4207770346076625, 1.0618612075307567, 1.1056403126686243, 1.251898311885299, 1.2408548707415343, 1.3419356065191281, 1.1127547318009055, 1.1971074490790155, 1.1712966242413612, 1.3993110163196636, 1.9185850468410808, 2.108141059328796, 1.2698946412961194, 1.5023384997799138, 1.1969948505899708, 1.0593990524103687, 1.7713848473919425, 1.1626686958750343, 1.3131279546743746, 1.0349015665661758, 1.3251476477665507, 1.1121520103922315, 6.501154580693336, 1.3243809547393945, 1.373353313108918, 1.1070365795663968, 1.4475952553900944, 1.449991364767597, 1.156682925998785, 1.1570074341859027, 2.3193355001461735, 1.204168235800069, 1.0819039094220302] [33.914, 48.39, 53.652, 56.618, 58.06, 58.79, 59.996, 60.842, 61.276, 61.398, 62.354, 62.294, 62.632, 62.652, 63.178, 63.384, 63.19, 63.744, 63.644, 64.174, 64.214, 64.16, 64.51, 64.366, 64.816, 64.946, 64.82, 65.356, 65.506, 65.898, 65.752, 66.284, 66.364, 66.446, 66.606, 66.864, 66.59, 66.832, 67.058, 66.996, 66.978, 67.592, 67.35, 67.946, 67.546, 67.746, 67.53, 67.846, 67.84, 68.018] [37.3, 47.58, 49.19, 51.23, 50.68, 55.11, 47.12, 58.3, 48.32, 50.87, 55.73, 51.6, 56.78, 46.28, 59.0, 40.66, 49.1, 53.85, 62.16, 60.92, 54.69, 56.65, 53.15, 61.27, 58.35, 58.49, 52.68, 42.79, 40.25, 54.37, 48.72, 57.75, 62.76, 47.25, 59.43, 56.24, 64.01, 53.58, 61.99, 22.58, 56.5, 51.65, 61.94, 52.34, 53.69, 60.92, 59.49, 44.79, 60.02, 62.26]
